<?xml version="1.0" encoding="UTF-8"?>
<!-- Generated by org.testng.reporters.JUnitXMLReporter -->
<testsuite ignored="0" hostname="idea-PC" failures="0" tests="13" name="Test-Runner-1" time="1.546" errors="0" timestamp="2022-05-06T12:53:23 IST">
  <testcase classname="com.crm.comcast.GenericUtility.BaseClassForVtiger" name="@BeforeClass launchApplicationWindow" time="-1.651821802102E9">
    <failure type="org.testng.TestNGException" message="
Parameter &amp;apos;browser&amp;apos; is required by BeforeClass on method launchApplicationWindow but has not been marked @Optional or defined
in D:\EclipseWorkSpace\WorkSpace1\SDET34-SELENIUM_FRAMEWORK\testngDistributedParallelExecution.xml">
      <![CDATA[org.testng.TestNGException: 
Parameter 'browser' is required by BeforeClass on method launchApplicationWindow but has not been marked @Optional or defined
in D:\EclipseWorkSpace\WorkSpace1\SDET34-SELENIUM_FRAMEWORK\testngDistributedParallelExecution.xml
at java.base/java.util.ArrayList.forEach(ArrayList.java:1511)
at java.base/java.util.concurrent.FutureTask.run(FutureTask.java:264)
at java.base/java.util.concurrent.ThreadPoolExecutor.runWorker(ThreadPoolExecutor.java:1136)
at java.base/java.util.concurrent.ThreadPoolExecutor$Worker.run(ThreadPoolExecutor.java:635)
at java.base/java.lang.Thread.run(Thread.java:833)
... Removed 13 stack frames]]>
    </failure>
  </testcase> <!-- @BeforeClass launchApplicationWindow -->
  <testcase classname="com.crm.comcast.GenericUtility.BaseClassForVtiger" name="@BeforeClass launchApplicationWindow" time="-1.651821802103E9">
    <failure type="org.testng.TestNGException" message="
Parameter &amp;apos;browser&amp;apos; is required by BeforeClass on method launchApplicationWindow but has not been marked @Optional or defined
in D:\EclipseWorkSpace\WorkSpace1\SDET34-SELENIUM_FRAMEWORK\testngDistributedParallelExecution.xml">
      <![CDATA[org.testng.TestNGException: 
Parameter 'browser' is required by BeforeClass on method launchApplicationWindow but has not been marked @Optional or defined
in D:\EclipseWorkSpace\WorkSpace1\SDET34-SELENIUM_FRAMEWORK\testngDistributedParallelExecution.xml
at java.base/java.util.ArrayList.forEach(ArrayList.java:1511)
at java.base/java.util.concurrent.FutureTask.run(FutureTask.java:264)
at java.base/java.util.concurrent.ThreadPoolExecutor.runWorker(ThreadPoolExecutor.java:1136)
at java.base/java.util.concurrent.ThreadPoolExecutor$Worker.run(ThreadPoolExecutor.java:635)
at java.base/java.lang.Thread.run(Thread.java:833)
... Removed 13 stack frames]]>
    </failure>
  </testcase> <!-- @BeforeClass launchApplicationWindow -->
  <testcase classname="com.crm.comcast.GenericUtility.BaseClassForVtiger" name="@BeforeMethod logOInToApplication" time="-1.651821802139E9">
    <skipped/>
  </testcase> <!-- @BeforeMethod logOInToApplication -->
  <testcase classname="com.crm.comcast.GenericUtility.BaseClassForVtiger" name="@BeforeMethod logOInToApplication" time="-1.651821802139E9">
    <skipped/>
  </testcase> <!-- @BeforeMethod logOInToApplication -->
  <testcase classname="com.crm.comcast.GenericUtility.BaseClassForVtiger" name="@AfterMethod logOutOfApplication" time="-1.651821802154E9">
    <skipped/>
  </testcase> <!-- @AfterMethod logOutOfApplication -->
  <testcase classname="com.crm.comcast.GenericUtility.BaseClassForVtiger" name="@AfterMethod logOutOfApplication" time="-1.651821802182E9">
    <skipped/>
  </testcase> <!-- @AfterMethod logOutOfApplication -->
  <testcase classname="com.crm.comcast.GenericUtility.BaseClassForVtiger" name="@BeforeMethod logOInToApplication" time="-1.651821802191E9">
    <skipped/>
  </testcase> <!-- @BeforeMethod logOInToApplication -->
  <testcase classname="com.crm.comcast.GenericUtility.BaseClassForVtiger" name="@AfterMethod logOutOfApplication" time="-1.651821802202E9">
    <skipped/>
  </testcase> <!-- @AfterMethod logOutOfApplication -->
  <testcase classname="com.crm.comcast.GenericUtility.BaseClassForVtiger" name="@AfterClass closeApplicationWindow" time="-1.651821802216E9">
    <skipped/>
  </testcase> <!-- @AfterClass closeApplicationWindow -->
  <testcase classname="com.crm.comcast.GenericUtility.BaseClassForVtiger" name="@BeforeClass launchApplicationWindow" time="-1.651821802221E9">
    <failure type="org.testng.TestNGException" message="
Parameter &amp;apos;browser&amp;apos; is required by BeforeClass on method launchApplicationWindow but has not been marked @Optional or defined
in D:\EclipseWorkSpace\WorkSpace1\SDET34-SELENIUM_FRAMEWORK\testngDistributedParallelExecution.xml">
      <![CDATA[org.testng.TestNGException: 
Parameter 'browser' is required by BeforeClass on method launchApplicationWindow but has not been marked @Optional or defined
in D:\EclipseWorkSpace\WorkSpace1\SDET34-SELENIUM_FRAMEWORK\testngDistributedParallelExecution.xml
at java.base/java.util.ArrayList.forEach(ArrayList.java:1511)
at java.base/java.util.concurrent.FutureTask.run(FutureTask.java:264)
at java.base/java.util.concurrent.ThreadPoolExecutor.runWorker(ThreadPoolExecutor.java:1136)
at java.base/java.util.concurrent.ThreadPoolExecutor$Worker.run(ThreadPoolExecutor.java:635)
at java.base/java.lang.Thread.run(Thread.java:833)
... Removed 13 stack frames]]>
    </failure>
  </testcase> <!-- @BeforeClass launchApplicationWindow -->
  <testcase classname="com.crm.comcast.GenericUtility.BaseClassForVtiger" name="@BeforeMethod logOInToApplication" time="-1.651821802237E9">
    <skipped/>
  </testcase> <!-- @BeforeMethod logOInToApplication -->
  <testcase classname="com.crm.comcast.GenericUtility.BaseClassForVtiger" name="@AfterMethod logOutOfApplication" time="-1.651821802256E9">
    <skipped/>
  </testcase> <!-- @AfterMethod logOutOfApplication -->
  <testcase classname="com.crm.comcast.GenericUtility.BaseClassForVtiger" name="@BeforeMethod logOInToApplication" time="-1.651821802264E9">
    <skipped/>
  </testcase> <!-- @BeforeMethod logOInToApplication -->
  <testcase classname="com.crm.comcast.GenericUtility.BaseClassForVtiger" name="@AfterMethod logOutOfApplication" time="-1.651821802278E9">
    <skipped/>
  </testcase> <!-- @AfterMethod logOutOfApplication -->
  <testcase classname="com.crm.comcast.GenericUtility.BaseClassForVtiger" name="@BeforeMethod logOInToApplication" time="-1.651821802285E9">
    <skipped/>
  </testcase> <!-- @BeforeMethod logOInToApplication -->
  <testcase classname="com.crm.comcast.GenericUtility.BaseClassForVtiger" name="@AfterMethod logOutOfApplication" time="-1.651821802312E9">
    <skipped/>
  </testcase> <!-- @AfterMethod logOutOfApplication -->
  <testcase classname="com.crm.comcast.GenericUtility.BaseClassForVtiger" name="@BeforeMethod logOInToApplication" time="-1.651821802377E9">
    <skipped/>
  </testcase> <!-- @BeforeMethod logOInToApplication -->
  <testcase classname="com.crm.comcast.GenericUtility.BaseClassForVtiger" name="@AfterMethod logOutOfApplication" time="-1.651821802393E9">
    <skipped/>
  </testcase> <!-- @AfterMethod logOutOfApplication -->
  <testcase classname="com.crm.comcast.GenericUtility.BaseClassForVtiger" name="@BeforeMethod logOInToApplication" time="-1.651821802408E9">
    <skipped/>
  </testcase> <!-- @BeforeMethod logOInToApplication -->
  <testcase classname="com.crm.comcast.GenericUtility.BaseClassForVtiger" name="@AfterMethod logOutOfApplication" time="-1.651821802433E9">
    <skipped/>
  </testcase> <!-- @AfterMethod logOutOfApplication -->
  <testcase classname="com.crm.comcast.GenericUtility.BaseClassForVtiger" name="@AfterClass closeApplicationWindow" time="-1.651821802437E9">
    <skipped/>
  </testcase> <!-- @AfterClass closeApplicationWindow -->
  <testcase classname="com.crm.comcast.GenericUtility.BaseClassForVtiger" name="@BeforeMethod logOInToApplication" time="-1.65182180352E9">
    <skipped/>
  </testcase> <!-- @BeforeMethod logOInToApplication -->
  <testcase classname="com.crm.comcast.GenericUtility.BaseClassForVtiger" name="@AfterMethod logOutOfApplication" time="-1.651821803524E9">
    <skipped/>
  </testcase> <!-- @AfterMethod logOutOfApplication -->
  <testcase classname="com.crm.comcast.GenericUtility.BaseClassForVtiger" name="@BeforeMethod logOInToApplication" time="-1.651821803526E9">
    <skipped/>
  </testcase> <!-- @BeforeMethod logOInToApplication -->
  <testcase classname="com.crm.comcast.GenericUtility.BaseClassForVtiger" name="@AfterMethod logOutOfApplication" time="-1.651821803531E9">
    <skipped/>
  </testcase> <!-- @AfterMethod logOutOfApplication -->
  <testcase classname="com.crm.comcast.GenericUtility.BaseClassForVtiger" name="@BeforeMethod logOInToApplication" time="-1.651821803532E9">
    <skipped/>
  </testcase> <!-- @BeforeMethod logOInToApplication -->
  <testcase classname="com.crm.comcast.GenericUtility.BaseClassForVtiger" name="@AfterMethod logOutOfApplication" time="-1.651821803536E9">
    <skipped/>
  </testcase> <!-- @AfterMethod logOutOfApplication -->
  <testcase classname="com.crm.comcast.GenericUtility.BaseClassForVtiger" name="@BeforeMethod logOInToApplication" time="-1.651821803538E9">
    <skipped/>
  </testcase> <!-- @BeforeMethod logOInToApplication -->
  <testcase classname="com.crm.comcast.GenericUtility.BaseClassForVtiger" name="@AfterMethod logOutOfApplication" time="-1.651821803544E9">
    <skipped/>
  </testcase> <!-- @AfterMethod logOutOfApplication -->
  <testcase classname="com.crm.comcast.GenericUtility.BaseClassForVtiger" name="@BeforeMethod logOInToApplication" time="-1.651821803549E9">
    <skipped/>
  </testcase> <!-- @BeforeMethod logOInToApplication -->
  <testcase classname="com.crm.comcast.GenericUtility.BaseClassForVtiger" name="@AfterMethod logOutOfApplication" time="-1.651821803556E9">
    <skipped/>
  </testcase> <!-- @AfterMethod logOutOfApplication -->
  <testcase classname="com.crm.comcast.GenericUtility.BaseClassForVtiger" name="@BeforeMethod logOInToApplication" time="-1.651821803559E9">
    <skipped/>
  </testcase> <!-- @BeforeMethod logOInToApplication -->
  <testcase classname="com.crm.comcast.GenericUtility.BaseClassForVtiger" name="@AfterMethod logOutOfApplication" time="-1.651821803566E9">
    <skipped/>
  </testcase> <!-- @AfterMethod logOutOfApplication -->
  <testcase classname="com.crm.comcast.GenericUtility.BaseClassForVtiger" name="@BeforeMethod logOInToApplication" time="-1.651821803572E9">
    <skipped/>
  </testcase> <!-- @BeforeMethod logOInToApplication -->
  <testcase classname="com.crm.comcast.GenericUtility.BaseClassForVtiger" name="@AfterMethod logOutOfApplication" time="-1.65182180358E9">
    <skipped/>
  </testcase> <!-- @AfterMethod logOutOfApplication -->
  <testcase classname="com.crm.comcast.GenericUtility.BaseClassForVtiger" name="@BeforeMethod logOInToApplication" time="-1.651821803582E9">
    <skipped/>
  </testcase> <!-- @BeforeMethod logOInToApplication -->
  <testcase classname="com.crm.comcast.GenericUtility.BaseClassForVtiger" name="@AfterMethod logOutOfApplication" time="-1.65182180359E9">
    <skipped/>
  </testcase> <!-- @AfterMethod logOutOfApplication -->
  <testcase classname="com.crm.comcast.GenericUtility.BaseClassForVtiger" name="@BeforeMethod logOInToApplication" time="-1.651821803592E9">
    <skipped/>
  </testcase> <!-- @BeforeMethod logOInToApplication -->
  <testcase classname="com.crm.comcast.GenericUtility.BaseClassForVtiger" name="@AfterMethod logOutOfApplication" time="-1.651821803596E9">
    <skipped/>
  </testcase> <!-- @AfterMethod logOutOfApplication -->
  <testcase classname="com.crm.comcast.GenericUtility.BaseClassForVtiger" name="@BeforeMethod logOInToApplication" time="-1.651821803599E9">
    <skipped/>
  </testcase> <!-- @BeforeMethod logOInToApplication -->
  <testcase classname="com.crm.comcast.GenericUtility.BaseClassForVtiger" name="@AfterMethod logOutOfApplication" time="-1.651821803603E9">
    <skipped/>
  </testcase> <!-- @AfterMethod logOutOfApplication -->
  <testcase classname="com.crm.comcast.GenericUtility.BaseClassForVtiger" name="@BeforeMethod logOInToApplication" time="-1.651821803604E9">
    <skipped/>
  </testcase> <!-- @BeforeMethod logOInToApplication -->
  <testcase classname="com.crm.comcast.GenericUtility.BaseClassForVtiger" name="@AfterMethod logOutOfApplication" time="-1.651821803609E9">
    <skipped/>
  </testcase> <!-- @AfterMethod logOutOfApplication -->
  <testcase classname="com.crm.comcast.GenericUtility.BaseClassForVtiger" name="@BeforeMethod logOInToApplication" time="-1.651821803611E9">
    <skipped/>
  </testcase> <!-- @BeforeMethod logOInToApplication -->
  <testcase classname="com.crm.comcast.GenericUtility.BaseClassForVtiger" name="@AfterMethod logOutOfApplication" time="-1.651821803614E9">
    <skipped/>
  </testcase> <!-- @AfterMethod logOutOfApplication -->
  <testcase classname="com.crm.comcast.GenericUtility.BaseClassForVtiger" name="@AfterClass closeApplicationWindow" time="-1.651821803615E9">
    <skipped/>
  </testcase> <!-- @AfterClass closeApplicationWindow -->
  <testcase classname="com.crm.comcast.OrgTest.Test.CreatingOrganizationTest" name="createOrganizationTest" time="0.0">
    <skipped/>
  </testcase> <!-- createOrganizationTest -->
  <testcase classname="com.crm.comcast.OrgTest.Test.CreatingOrganizationTest" name="createOrganizationUsingDataProviderTest" time="0.0">
    <skipped/>
  </testcase> <!-- createOrganizationUsingDataProviderTest -->
  <testcase classname="com.crm.comcast.OrgTest.Test.CreatingOrganizationTest" name="createOrganizationUsingDataProviderTest" time="0.0">
    <skipped/>
  </testcase> <!-- createOrganizationUsingDataProviderTest -->
  <testcase classname="com.crm.comcast.OrgTest.Test.CreatingOrganizationTest" name="createOrganizationUsingDataProviderTest" time="0.0">
    <skipped/>
  </testcase> <!-- createOrganizationUsingDataProviderTest -->
  <testcase classname="com.crm.comcast.OrgTest.Test.CreatingOrganizationTest" name="createOrganizationUsingDataProviderTest" time="0.0">
    <skipped/>
  </testcase> <!-- createOrganizationUsingDataProviderTest -->
  <testcase classname="com.crm.comcast.OrgTest.Test.CreatingOrganizationTest" name="createOrganizationUsingDataProviderTest" time="0.0">
    <skipped/>
  </testcase> <!-- createOrganizationUsingDataProviderTest -->
  <testcase classname="com.crm.comcast.OrgTest.Test.CreatingOrganizationTest" name="createOrganizationUsingDataProviderTest" time="0.0">
    <skipped/>
  </testcase> <!-- createOrganizationUsingDataProviderTest -->
  <testcase classname="com.crm.comcast.OrgTest.Test.CreatingOrganizationTest" name="createOrganizationUsingDataProviderTest" time="0.0">
    <skipped/>
  </testcase> <!-- createOrganizationUsingDataProviderTest -->
  <testcase classname="com.crm.comcast.OrgTest.Test.CreatingOrganizationTest" name="createOrganizationUsingDataProviderTest" time="0.0">
    <skipped/>
  </testcase> <!-- createOrganizationUsingDataProviderTest -->
  <testcase classname="com.crm.comcast.OrgTest.Test.CreatingOrganizationTest" name="createOrganizationUsingDataProviderTest" time="0.0">
    <skipped/>
  </testcase> <!-- createOrganizationUsingDataProviderTest -->
  <testcase classname="com.crm.comcast.OrgTest.Test.CreatingOrganizationTest" name="createOrganizationUsingDataProviderTest" time="0.0">
    <skipped/>
  </testcase> <!-- createOrganizationUsingDataProviderTest -->
  <testcase classname="com.crm.comcast.OrgTest.Test.CreatingOrganizationTest" name="createOrganizationUsingDataProviderTest" time="0.0">
    <skipped/>
  </testcase> <!-- createOrganizationUsingDataProviderTest -->
  <testcase classname="com.crm.comcast.OrgTest.Test.CreatingOrganizationTest" name="createOrganizationUsingDataProviderTest" time="0.0">
    <skipped/>
  </testcase> <!-- createOrganizationUsingDataProviderTest -->
</testsuite> <!-- Test-Runner-1 -->
