<?xml version="1.0" encoding="UTF-8"?>
<!-- Generated by org.testng.reporters.JUnitXMLReporter -->
<testsuite ignored="0" hostname="idea-PC" failures="0" tests="2" name="Test-Runner-1" time="61.854" errors="0" timestamp="2022-05-06T14:54:03 IST">
  <testcase classname="com.crm.comcast.CampaignsTest.Test.CreatingCampaignTest" name="createCampainTest" time="14.919"/>
  <testcase classname="com.crm.comcast.CampaignsTest.Test.CreatingCampaignTest" name="createCampainWithProductTest" time="21.439"/>
</testsuite> <!-- Test-Runner-1 -->
