<?xml version="1.0" encoding="UTF-8"?>
<!-- Generated by org.testng.reporters.JUnitReportReporter -->
<testsuite hostname="idea-PC" failures="0" tests="1" name="com.crm.comcast.CampaignsTest.Test.CreateCampaignTest" time="62.338" errors="0" timestamp="2022-05-04T17:36:48 IST" skipped="0">
  <testcase classname="com.crm.comcast.CampaignsTest.Test.CreateCampaignTest" name="createCampainTest" time="62.338"/>
  <system-out/>
</testsuite> <!-- com.crm.comcast.CampaignsTest.Test.CreateCampaignTest -->
