<?xml version="1.0" encoding="UTF-8"?>
<!-- Generated by org.testng.reporters.JUnitReportReporter -->
<testsuite hostname="idea-PC" failures="0" tests="1" name="com.crm.comcast.ContactTest.test.CreateContactInSupportGroupTest" time="65.412" errors="0" timestamp="2022-05-05T10:45:29 IST" skipped="0">
  <testcase classname="com.crm.comcast.ContactTest.test.CreateContactInSupportGroupTest" name="createContactInSupportGroupTest" time="65.412"/>
  <system-out/>
</testsuite> <!-- com.crm.comcast.ContactTest.test.CreateContactInSupportGroupTest -->
