<?xml version="1.0" encoding="UTF-8"?>
<!-- Generated by org.testng.reporters.JUnitReportReporter -->
<testsuite hostname="idea-PC" failures="0" tests="5" name="com.crm.comcast.ContactTest.test.CreatingContactTest" time="75.325" errors="0" timestamp="2022-05-11T07:04:37 IST" skipped="0">
  <testcase classname="com.crm.comcast.ContactTest.test.CreatingContactTest" name="deleteContactTest" time="8.743"/>
  <system-out/>
  <testcase classname="com.crm.comcast.ContactTest.test.CreatingContactTest" name="createContactInSupportGroupTest" time="13.969"/>
  <system-out/>
  <testcase classname="com.crm.comcast.ContactTest.test.CreatingContactTest" name="contactEditTest" time="22.448"/>
  <system-out/>
  <testcase classname="com.crm.comcast.ContactTest.test.CreatingContactTest" name="crateContactAndDeleteSameContactTest" time="17.905"/>
  <system-out/>
  <testcase classname="com.crm.comcast.ContactTest.test.CreatingContactTest" name="crateContactWithoutMandatoryFieldTest" time="12.260"/>
  <system-out/>
</testsuite> <!-- com.crm.comcast.ContactTest.test.CreatingContactTest -->
