<?xml version="1.0" encoding="UTF-8"?>
<!-- Generated by org.testng.reporters.JUnitReportReporter -->
<testsuite hostname="idea-PC" failures="0" tests="1" name="com.crm.comcast.CampaignsTest.Test.CreateCapaignWithProduct" time="22.115" errors="0" timestamp="2022-05-05T15:28:16 IST" skipped="0">
  <testcase classname="com.crm.comcast.CampaignsTest.Test.CreateCapaignWithProduct" name="createCampainWithProductTest" time="22.115"/>
  <system-out/>
</testsuite> <!-- com.crm.comcast.CampaignsTest.Test.CreateCapaignWithProduct -->
